npm ERR! code ERESOLVE
npm ERR! ERESOLVE unable to resolve dependency tree
npm ERR! 
npm ERR! While resolving: @anmoldeepbrar/my-component-library@0.0.1
npm ERR! Found: react@17.0.2
npm ERR! node_modules/react
npm ERR!   dev react@"^17.0.2" from the root project
npm ERR!   peer react@"^16.8.0 || ^17.0.0 || ^18.0.0" from @storybook/react@7.6.14
npm ERR!   node_modules/@storybook/react
npm ERR!     dev @storybook/react@"*" from the root project
npm ERR! 
npm ERR! Could not resolve dependency:
npm ERR! peer react@"^18.2.0" from react-dom@18.2.0
npm ERR! node_modules/react-dom
npm ERR!   dev react-dom@"18.2.0" from the root project
npm ERR!   peer react-dom@"^16.8.0 || ^17.0.0 || ^18.0.0" from @storybook/react@7.6.14
npm ERR!   node_modules/@storybook/react
npm ERR!     dev @storybook/react@"*" from the root project
npm ERR! 
npm ERR! Fix the upstream dependency conflict, or retry
npm ERR! this command with --force or --legacy-peer-deps
npm ERR! to accept an incorrect (and potentially broken) dependency resolution.
npm ERR! 
npm ERR! 
npm ERR! For a full report see:
npm ERR! C:\Users\anmol\AppData\Local\npm-cache\_logs\2024-02-12T21_37_34_355Z-eresolve-report.txt

npm ERR! A complete log of this run can be found in: C:\Users\anmol\AppData\Local\npm-cache\_logs\2024-02-12T21_37_34_355Z-debug-0.log
